  glad.c
D:\Dev\Visual Studio\Projects\LearnOpengl\LearnOpengl\dependencies\glad\glad\glad.c(25,10): error C1083:  Cannot open include file: 'glad/glad.h': No such file or directory

Project Performance Summary:
      584 ms  D:\Dev\Visual Studio\Projects\LearnOpengl\LearnOpengl\LearnOpengl.vcxproj   1 calls
                584 ms  Build                                      1 calls

Target Performance Summary:
        0 ms  ResolveReferences                          1 calls
        0 ms  AfterResolveReferences                     1 calls
        0 ms  ComputeCLInputPDBName                      1 calls
        0 ms  SelectClCompile                            1 calls
        0 ms  BeforeBuildGenerateSources                 1 calls
        0 ms  PreBuildEvent                              1 calls
        0 ms  _SelectedFiles                             1 calls
        0 ms  SelectCustomBuild                          1 calls
        0 ms  ComputeCustomBuildOutput                   1 calls
        0 ms  BuildGenerateSources                       1 calls
        0 ms  _Xsd                                       1 calls
        0 ms  MakeDirsForMidl                            1 calls
        0 ms  ComputeMIDLGeneratedCompileInputs          1 calls
        0 ms  AfterMidl                                  1 calls
        0 ms  _Midl                                      1 calls
        0 ms  AfterBuildGenerateSources                  1 calls
        0 ms  FixupCLCompileOptions                      1 calls
        0 ms  AfterBuildGenerateSourcesEvent             1 calls
        0 ms  _HandlePackageFileConflicts                1 calls
        0 ms  ResolveSDKReferences                       1 calls
        0 ms  BeforeClCompile                            1 calls
        0 ms  _PrepareForBuild                           1 calls
        0 ms  _PrepareForReferenceResolution             1 calls
        0 ms  BeforeResolveReferences                    1 calls
        0 ms  AssignProjectConfiguration                 1 calls
        0 ms  _SplitProjectReferencesByFileExistence     1 calls
        0 ms  BuildCompileTraverse                       1 calls
        0 ms  ResolveProjectReferences                   1 calls
        0 ms  PrepareProjectReferences                   1 calls
        0 ms  GetReferenceAssemblyPaths                  1 calls
        0 ms  SetBuildDefaultEnvironmentVariables        1 calls
        0 ms  GetResolvedWinMD                           1 calls
        0 ms  _CheckWindowsSDKInstalled                  1 calls
        0 ms  SetCABuildNativeEnvironmentVariables       1 calls
        0 ms  _BuildGenerateSourcesAction                1 calls
        1 ms  ExpandSDKReferences                        1 calls
        1 ms  CopyFileToFolders                          1 calls
        1 ms  WarnCompileDuplicatedFilename              1 calls
        1 ms  MakeDirsForCl                              1 calls
        1 ms  GetFrameworkPaths                          1 calls
        1 ms  ComputeReferenceCLInput                    1 calls
        1 ms  _GetProjectReferenceTargetFrameworkProperties   1 calls
        1 ms  BuildGenerateSourcesTraverse               1 calls
        2 ms  SetTelemetryEnvironmentVariables           1 calls
        2 ms  CustomBuild                                1 calls
        2 ms  _CheckForInvalidConfigurationAndPlatform   1 calls
        4 ms  InitializeBuildStatus                      1 calls
        5 ms  PrepareForBuild                            1 calls
        6 ms  ResolveAssemblyReferences                  1 calls
      551 ms  ClCompile                                  1 calls

Task Performance Summary:
        0 ms  AssignProjectConfiguration                 1 calls
        0 ms  MSBuild                                    1 calls
        0 ms  CheckVCToolsetVersion                      1 calls
        0 ms  ResolvePackageFileConflicts                1 calls
        0 ms  ReadLinesFromFile                          1 calls
        0 ms  Delete                                     1 calls
        1 ms  WriteLinesToFile                           1 calls
        1 ms  Touch                                      1 calls
        1 ms  MakeDir                                    5 calls
        1 ms  Message                                    2 calls
        1 ms  SetEnv                                     8 calls
        3 ms  GetOutOfDateItems                          3 calls
      550 ms  CL                                         1 calls
