  glad.c
C:\Program Files (x86)\Windows Kits\10\Include\10.0.17763.0\shared\minwindef.h(130,1): warning C4005:  'APIENTRY': macro redefinition
D:\Dev\Visual Studio\Projects\LearnOpengl\LearnOpengl\dependencies\glad\glad\glad.h(32): message :  see previous definition of 'APIENTRY'
D:\Dev\Visual Studio\2019\MSBuild\Microsoft\VC\v160\Microsoft.CppCommon.targets(429,5): error MSB6003: The specified task executable "CL.exe" could not be run. System.IO.IOException: The process cannot access the file 'D:\Dev\Visual Studio\Projects\LearnOpengl\LearnOpengl\x64\Release\LearnOpengl.tlog' because it is being used by another process.
D:\Dev\Visual Studio\2019\MSBuild\Microsoft\VC\v160\Microsoft.CppCommon.targets(429,5): error MSB6003:    at System.IO.__Error.WinIOError(Int32 errorCode, String maybeFullPath)
D:\Dev\Visual Studio\2019\MSBuild\Microsoft\VC\v160\Microsoft.CppCommon.targets(429,5): error MSB6003:    at System.IO.FileSystemEnumerableIterator`1.CommonInit()
D:\Dev\Visual Studio\2019\MSBuild\Microsoft\VC\v160\Microsoft.CppCommon.targets(429,5): error MSB6003:    at System.IO.FileSystemEnumerableIterator`1..ctor(String path, String originalUserPath, String searchPattern, SearchOption searchOption, SearchResultHandler`1 resultHandler, Boolean checkHost)
D:\Dev\Visual Studio\2019\MSBuild\Microsoft\VC\v160\Microsoft.CppCommon.targets(429,5): error MSB6003:    at System.IO.Directory.GetFiles(String path, String searchPattern)
D:\Dev\Visual Studio\2019\MSBuild\Microsoft\VC\v160\Microsoft.CppCommon.targets(429,5): error MSB6003:    at Microsoft.Build.Utilities.TrackedDependencies.ExpandWildcards(ITaskItem[] expand)
D:\Dev\Visual Studio\2019\MSBuild\Microsoft\VC\v160\Microsoft.CppCommon.targets(429,5): error MSB6003:    at Microsoft.Build.CPPTasks.TrackedVCToolTask.DeleteEmptyFile(ITaskItem[] filesToDelete)
D:\Dev\Visual Studio\2019\MSBuild\Microsoft\VC\v160\Microsoft.CppCommon.targets(429,5): error MSB6003:    at Microsoft.Build.CPPTasks.CL.PostExecuteTool(Int32 exitCode)
D:\Dev\Visual Studio\2019\MSBuild\Microsoft\VC\v160\Microsoft.CppCommon.targets(429,5): error MSB6003:    at Microsoft.Build.CPPTasks.TrackedVCToolTask.ExecuteTool(String pathToTool, String responseFileCommands, String commandLineCommands)
D:\Dev\Visual Studio\2019\MSBuild\Microsoft\VC\v160\Microsoft.CppCommon.targets(429,5): error MSB6003:    at Microsoft.Build.Utilities.ToolTask.Execute()

Project Performance Summary:
     1383 ms  D:\Dev\Visual Studio\Projects\LearnOpengl\LearnOpengl\LearnOpengl.vcxproj   1 calls
               1383 ms  Build                                      1 calls

Target Performance Summary:
        0 ms  BuildGenerateSourcesTraverse               1 calls
        0 ms  SelectClCompile                            1 calls
        0 ms  BeforeBuildGenerateSources                 1 calls
        0 ms  PreBuildEvent                              1 calls
        0 ms  _SelectedFiles                             1 calls
        0 ms  SelectCustomBuild                          1 calls
        0 ms  ComputeCustomBuildOutput                   1 calls
        0 ms  _Xsd                                       1 calls
        0 ms  MakeDirsForMidl                            1 calls
        0 ms  ComputeMIDLGeneratedCompileInputs          1 calls
        0 ms  AfterMidl                                  1 calls
        0 ms  _Midl                                      1 calls
        0 ms  AfterBuildGenerateSources                  1 calls
        0 ms  AfterBuildGenerateSourcesEvent             1 calls
        0 ms  _BuildGenerateSourcesAction                1 calls
        0 ms  BuildGenerateSources                       1 calls
        0 ms  BuildCompileTraverse                       1 calls
        0 ms  BeforeClCompile                            1 calls
        0 ms  ComputeCLInputPDBName                      1 calls
        0 ms  AfterResolveReferences                     1 calls
        0 ms  ResolveReferences                          1 calls
        0 ms  ComputeReferenceCLInput                    1 calls
        0 ms  ExpandSDKReferences                        1 calls
        0 ms  ResolveSDKReferences                       1 calls
        0 ms  MakeDirsForCl                              1 calls
        0 ms  SetCABuildNativeEnvironmentVariables       1 calls
        0 ms  GetResolvedWinMD                           1 calls
        0 ms  SetBuildDefaultEnvironmentVariables        1 calls
        0 ms  _PrepareForBuild                           1 calls
        0 ms  _PrepareForReferenceResolution             1 calls
        0 ms  BeforeResolveReferences                    1 calls
        0 ms  GetFrameworkPaths                          1 calls
        0 ms  _SplitProjectReferencesByFileExistence     1 calls
        0 ms  PrepareProjectReferences                   1 calls
        1 ms  WarnCompileDuplicatedFilename              1 calls
        1 ms  _CheckWindowsSDKInstalled                  1 calls
        1 ms  FixupCLCompileOptions                      1 calls
        1 ms  ResolveProjectReferences                   1 calls
        1 ms  AssignProjectConfiguration                 1 calls
        1 ms  ResolveAssemblyReferences                  1 calls
        1 ms  SetTelemetryEnvironmentVariables           1 calls
        1 ms  CopyFileToFolders                          1 calls
        1 ms  _GetProjectReferenceTargetFrameworkProperties   1 calls
        1 ms  GetReferenceAssemblyPaths                  1 calls
        2 ms  CustomBuild                                1 calls
        2 ms  _CheckForInvalidConfigurationAndPlatform   1 calls
        3 ms  InitializeBuildStatus                      1 calls
        5 ms  _HandlePackageFileConflicts                1 calls
        6 ms  PrepareForBuild                            1 calls
     1351 ms  ClCompile                                  1 calls

Task Performance Summary:
        0 ms  Message                                    2 calls
        0 ms  AssignProjectConfiguration                 1 calls
        0 ms  CheckVCToolsetVersion                      1 calls
        0 ms  ResolvePackageFileConflicts                1 calls
        0 ms  ReadLinesFromFile                          1 calls
        0 ms  Delete                                     1 calls
        1 ms  SetEnv                                     8 calls
        1 ms  MakeDir                                    5 calls
        1 ms  WriteLinesToFile                           1 calls
        1 ms  MSBuild                                    1 calls
        1 ms  Touch                                      1 calls
        3 ms  GetOutOfDateItems                          3 calls
     1349 ms  CL                                         1 calls
